<?xml version="1.0" encoding="UTF-8"?>
<!-- Generated by org.testng.reporters.JUnitReportReporter -->
<testsuite skipped="0" hostname="DESKTOP-OQPFD7J" name="test.java.LoginWeaveSocksTest" tests="1" failures="0" timestamp="15 三月 2019 08:59:55 GMT" time="58.515" errors="0">
  <testcase name="LoginTestBasicFlow" time="58.515" classname="test.java.LoginWeaveSocksTest"/>
</testsuite> <!-- test.java.LoginWeaveSocksTest -->
