<?xml version="1.0" encoding="UTF-8"?>
<!-- Generated by org.testng.reporters.JUnitReportReporter -->
<testsuite skipped="0" hostname="DESKTOP-OQPFD7J" name="test.java.AddToCartWeaveSocksTest" tests="1" failures="0" timestamp="2019-03-18T15:19:53 CST" time="29.413" errors="0">
  <testcase name="AddToCartBasicFlow" time="29.413" classname="test.java.AddToCartWeaveSocksTest"/>
</testsuite> <!-- test.java.AddToCartWeaveSocksTest -->
