<?xml version="1.0" encoding="UTF-8"?>
<!-- Generated by org.testng.reporters.JUnitReportReporter -->
<testsuite skipped="0" hostname="DESKTOP-OQPFD7J" name="test.java.LoginWeaveSocksTest" tests="1" failures="0" timestamp="2019-03-18T11:33:03 CST" time="29.643" errors="0">
  <testcase name="LoginTestBasicFlow" time="29.643" classname="test.java.LoginWeaveSocksTest"/>
</testsuite> <!-- test.java.LoginWeaveSocksTest -->
