<?xml version="1.0" encoding="UTF-8"?>
<!-- Generated by org.testng.reporters.JUnitReportReporter -->
<testsuite skipped="0" hostname="DESKTOP-OQPFD7J" name="test.java.LoginWeaveSocksTest" tests="1" failures="0" timestamp="2019-03-18T15:19:53 CST" time="28.363" errors="0">
  <testcase name="LoginTestBasicFlow" time="28.363" classname="test.java.LoginWeaveSocksTest"/>
</testsuite> <!-- test.java.LoginWeaveSocksTest -->
